#
# A fatal error has been detected by the Java Runtime Environment:
#
#  EXCEPTION_ACCESS_VIOLATION (0xc0000005) at pc=0x00007ffbad841d04, pid=11924, tid=12248
#
# JRE version: Java(TM) SE Runtime Environment (20.0+36) (build 20+36-2344)
# Java VM: Java HotSpot(TM) 64-Bit Server VM (20+36-2344, mixed mode, tiered, compressed oops, compressed class ptrs, g1 gc, windows-amd64)
# Problematic frame:
# C  [modbuspp_interface.dll+0x1d04]
#
# No core dump will be written. Minidumps are not enabled by default on client versions of Windows
#
# If you would like to submit a bug report, please visit:
#   https://bugreport.java.com/bugreport/crash.jsp
# The crash happened outside the Java Virtual Machine in native code.
# See problematic frame for where to report the bug.
#

---------------  S U M M A R Y ------------

Command Line: --enable-preview --enable-native-access=ALL-UNNAMED .\target\modbuspp_java_wrapper-1.0-SNAPSHOT.jar

Host: Intel(R) Core(TM) i5-2520M CPU @ 2.50GHz, 4 cores, 5G,  Windows 10 , 64 bit Build 19041 (10.0.19041.4957)
Time: Wed Nov  6 12:54:01 2024 Hora oficial do Brasil elapsed time: 0.443592 seconds (0d 0h 0m 0s)

---------------  T H R E A D  ---------------

Current thread (0x00000140e8e83a70):  JavaThread "main" [_thread_in_native, id=12248, stack(0x0000003551500000,0x0000003551600000)]

Stack: [0x0000003551500000,0x0000003551600000],  sp=0x00000035515ff040,  free space=1020k
Native frames: (J=compiled Java code, j=interpreted, Vv=VM code, C=native code)
C  [modbuspp_interface.dll+0x1d04]

Java frames: (J=compiled Java code, j=interpreted, Vv=VM code)
v  ~RuntimeStub::nep_invoker_blob 0x00000140f286eb08
j  java.lang.invoke.LambdaForm$MH+0x000000010009c400.invoke(Ljava/lang/Object;JJII)I+14 java.base@20
j  java.lang.invoke.LambdaForm$MH+0x00000001000a3400.invokeExact_MT(Ljava/lang/Object;JJIILjava/lang/Object;)I+25 java.base@20
j  jdk.internal.foreign.abi.DowncallStub+0x000000010009c800.invoke(Ljava/lang/foreign/SegmentAllocator;Ljava/lang/foreign/MemorySegment;Ljava/lang/foreign/MemorySegment;CZ)I+79 java.base@20
j  java.lang.invoke.LambdaForm$DMH+0x000000010009d000.invokeStaticInit(Ljava/lang/Object;Ljava/lang/Object;Ljava/lang/Object;Ljava/lang/Object;II)I+18 java.base@20
j  java.lang.invoke.LambdaForm$MH+0x000000010009e800.invoke(Ljava/lang/Object;Ljava/lang/Object;II)I+51 java.base@20
j  java.lang.invoke.LambdaForm$MH+0x00000001000a2c00.invoke_MT(Ljava/lang/Object;Ljava/lang/Object;IILjava/lang/Object;)I+24 java.base@20
j  com.thiago.Main.main([Ljava/lang/String;)V+387
v  ~StubRoutines::call_stub 0x00000140f271100d

siginfo: EXCEPTION_ACCESS_VIOLATION (0xc0000005), reading address 0x0000000000000001


Registers:
RAX=0x0000000000000001, RBX=0x00000140806f8cf8, RCX=0x00000140fecd60c0, RDX=0x0000000000000001
RSP=0x00000035515ff040, RBP=0x00000035515ff200, RSI=0x00000000a74e6910, RDI=0x0000000000000001
R8 =0x0000000000000001, R9 =0x0000000000000001, R10=0x00007ffbad8411f0, R11=0x00000140f2ccfa60
R12=0x0000000000000000, R13=0x00000035515ff218, R14=0x00000035515ff2e0, R15=0x00000140e8e83a70
RIP=0x00007ffbad841d04, EFLAGS=0x0000000000010202


Register to memory mapping:

RIP=0x00007ffbad841d04 modbuspp_interface.dll
RAX=0x0000000000000001 is an unknown value
RBX={method} {0x00000140806f8d00} 'linkToNative' '(JJIILjava/lang/Object;)I' in 'java/lang/invoke/MethodHandle'
RCX=0x00000140fecd60c0 points into unknown readable memory: 0x00000000fecd6600 | 00 66 cd fe 00 00 00 00
RDX=0x0000000000000001 is an unknown value
RSP=0x00000035515ff040 is pointing into the stack for thread: 0x00000140e8e83a70
RBP=0x00000035515ff200 is pointing into the stack for thread: 0x00000140e8e83a70
RSI=0x00000000a74e6910 is an oop: jdk.internal.foreign.abi.NativeEntryPoint 
{0x00000000a74e6910} - klass: 'jdk/internal/foreign/abi/NativeEntryPoint'
 - ---- fields (total size 3 words):
 - private final 'methodType' 'Ljava/lang/invoke/MethodType;' @12  a 'java/lang/invoke/MethodType'{0x00000000a74e5f28} = (JJII)I (0xa74e5f28)
 - private final 'downcallStubAddress' 'J' @16  1378458462976 (0x00000140f286eb00)
RDI=0x0000000000000001 is an unknown value
R8 =0x0000000000000001 is an unknown value
R9 =0x0000000000000001 is an unknown value
R10=0x00007ffbad8411f0 modbuspp_interface.dll
R11=0x00000140f2ccfa60 is at entry_point+0 in (nmethod*)0x00000140f2ccf910
Compiled method (n/a)     486  410     n 0       java.lang.invoke.MethodHandle::linkToNative(JJIIL)I (native)
 total in heap  [0x00000140f2ccf910,0x00000140f2ccfa68] = 344
 main code      [0x00000140f2ccfa60,0x00000140f2ccfa67] = 7
 stub code      [0x00000140f2ccfa67,0x00000140f2ccfa68] = 1
R12=0x0 is NULL
R13=0x00000035515ff218 is pointing into the stack for thread: 0x00000140e8e83a70
R14=0x00000035515ff2e0 is pointing into the stack for thread: 0x00000140e8e83a70
R15=0x00000140e8e83a70 is a thread


Top of Stack: (sp=0x00000035515ff040)
0x00000035515ff040:   00000035515ff150 00007ffb7ee7b65f
0x00000035515ff050:   00000140806de340 00000035515ff2e0
0x00000035515ff060:   000000010001d530 00000140e8e83a70
0x00000035515ff070:   000001408073eeb9 000001408073eeb9
0x00000035515ff080:   0000000000000000 00000140806bda00
0x00000035515ff090:   00000035515ff1b0 0000000000000002
0x00000035515ff0a0:   00000140e8e83a70 00007ffb7f12c473
0x00000035515ff0b0:   00000140806bda00 00000140e8e83a70
0x00000035515ff0c0:   0000000000000000 000001408073eeb9
0x00000035515ff0d0:   0000000000000006 00007ffb7f1025a8
0x00000035515ff0e0:   00000140fecd9800 000000000000000d
0x00000035515ff0f0:   00000140fecd9800 0000014080730fc0
0x00000035515ff100:   00000035515ff2b0 00000140f2742a5d
0x00000035515ff110:   00000035515ff1d0 00007ffb7f1007bc
0x00000035515ff120:   00000140fecdd080 000000000000000d
0x00000035515ff130:   0000000000000006 0000000000000005
0x00000035515ff140:   000000000000000e 00000035515ff220
0x00000035515ff150:   00000140e8e83a70 00000140f272de78
0x00000035515ff160:   00000140806bda98 00007ffb7f111929
0x00000035515ff170:   00000035515ff2e0 00007ffb7f11186b
0x00000035515ff180:   00000035515ff1d0 0000014080730fc0
0x00000035515ff190:   000081012d679707 fffffffe00000000
0x00000035515ff1a0:   00000140f272de78 00007ffbad841217
0x00000035515ff1b0:   00000140fecd60c0 00000140e8e80001
0x00000035515ff1c0:   0000000000000001 0000014080099b70
0x00000035515ff1d0:   00000035515ff2e0 00000140f286eb44
0x00000035515ff1e0:   00000140fecd60c0 00000140f2730001
0x00000035515ff1f0:   0000000000000001 00000000000000b8
0x00000035515ff200:   00000035515ff298 00000140f272df8c
0x00000035515ff210:   00000140f272df8c 00000000a74e6910
0x00000035515ff220:   0000000000000001 0000000000000001
0x00000035515ff230:   00000140fecd60c0 0000000000000000 

Instructions: (pc=0x00007ffbad841d04)
0x00007ffbad841c04:   24 20 00 00 00 00 eb 0a 8b 44 24 20 ff c0 89 44
0x00007ffbad841c14:   24 20 0f b7 84 24 70 01 00 00 39 44 24 20 7d 58
0x00007ffbad841c24:   8b 44 24 20 8d 44 00 09 8b c0 0f b6 44 04 30 c1
0x00007ffbad841c34:   e0 08 48 63 4c 24 20 48 8b 94 24 78 01 00 00 66
0x00007ffbad841c44:   89 04 4a 48 63 44 24 20 8b 4c 24 20 8d 4c 09 0a
0x00007ffbad841c54:   8b c9 0f b6 4c 0c 30 48 8b 94 24 78 01 00 00 0f
0x00007ffbad841c64:   b7 04 42 03 c1 48 63 4c 24 20 48 8b 94 24 78 01
0x00007ffbad841c74:   00 00 66 89 04 4a eb 90 33 c0 eb 14 eb 12 48 8b
0x00007ffbad841c84:   8c 24 60 01 00 00 e8 01 0e 00 00 b8 ff ff ff ff
0x00007ffbad841c94:   48 8b 8c 24 40 01 00 00 48 33 cc e8 8c 23 00 00
0x00007ffbad841ca4:   48 81 c4 58 01 00 00 c3 cc cc cc cc cc cc cc cc
0x00007ffbad841cb4:   cc cc cc cc cc cc cc cc cc cc cc cc 4c 89 44 24
0x00007ffbad841cc4:   18 66 89 54 24 10 48 89 4c 24 08 48 81 ec 68 01
0x00007ffbad841cd4:   00 00 48 8b 05 23 23 02 00 48 33 c4 48 89 84 24
0x00007ffbad841ce4:   50 01 00 00 48 8b 84 24 70 01 00 00 0f b6 40 28
0x00007ffbad841cf4:   85 c0 0f 84 ab 00 00 00 48 8b 84 24 80 01 00 00
0x00007ffbad841d04:   0f b6 00 69 c0 00 ff 00 00 89 44 24 30 48 8d 44
0x00007ffbad841d14:   24 30 48 89 44 24 20 41 b9 05 00 00 00 66 41 b8
0x00007ffbad841d24:   01 00 0f b7 94 24 78 01 00 00 48 8b 8c 24 70 01
0x00007ffbad841d34:   00 00 e8 15 06 00 00 48 8d 54 24 40 48 8b 8c 24
0x00007ffbad841d44:   70 01 00 00 e8 e3 0a 00 00 89 44 24 34 83 7c 24
0x00007ffbad841d54:   34 ff 75 14 48 8b 8c 24 70 01 00 00 e8 2b 0d 00
0x00007ffbad841d64:   00 b8 ff ff ff ff eb 4d 41 b8 05 00 00 00 48 8d
0x00007ffbad841d74:   54 24 40 48 8b 8c 24 70 01 00 00 e8 ec 0a 00 00
0x00007ffbad841d84:   90 48 8b 84 24 70 01 00 00 0f b6 00 85 c0 74 0d
0x00007ffbad841d94:   48 8b 84 24 70 01 00 00 8b 40 04 eb 18 33 c0 eb
0x00007ffbad841da4:   14 eb 12 48 8b 8c 24 70 01 00 00 e8 dc 0c 00 00
0x00007ffbad841db4:   b8 ff ff ff ff 48 8b 8c 24 50 01 00 00 48 33 cc
0x00007ffbad841dc4:   e8 67 22 00 00 48 81 c4 68 01 00 00 c3 cc cc cc
0x00007ffbad841dd4:   cc cc cc cc cc cc cc cc cc cc cc cc 4c 89 44 24
0x00007ffbad841de4:   18 66 89 54 24 10 48 89 4c 24 08 48 81 ec 68 01
0x00007ffbad841df4:   00 00 48 8b 05 03 22 02 00 48 33 c4 48 89 84 24 


Stack slot to memory mapping:
stack at sp + 0 slots: 0x00000035515ff150 is pointing into the stack for thread: 0x00000140e8e83a70
stack at sp + 1 slots: 0x00007ffb7ee7b65f jvm.dll
stack at sp + 2 slots: {method} {0x00000140806de348} 'internalNativeEntryPoint' '(Ljava/lang/Object;)Ljava/lang/Object;' in 'java/lang/invoke/NativeMethodHandle'
stack at sp + 3 slots: 0x00000035515ff2e0 is pointing into the stack for thread: 0x00000140e8e83a70
stack at sp + 4 slots: 0x000000010001d530 is a pointer to class: 
java.lang.invoke.Invokers {0x000000010001d538}
 - instance size:     3
 - klass size:        70
 - access:            synchronized 
 - state:             fully_initialized
 - name:              'java/lang/invoke/Invokers'
 - super:             'java/lang/Object'
 - sub:               
 - arrays:            NULL
 - methods:           Array<T>(0x00000140804bd8b8)
 - method ordering:   Array<T>(0x0000014080000018)
 - default_methods:   Array<T>(0x0000000000000000)
 - local interfaces:  Array<T>(0x0000014080000058)
 - trans. interfaces: Array<T>(0x0000014080000058)
 - constants:         constant pool [785] {0x00000140804bbcb0} for 'java/lang/invoke/Invokers' cache=0x00000140804e1700
 - class loader data:  loader data: 0x00000140fe5b3d10 of 'bootstrap'
 - source file:       'Invokers.java'
 - class annotations:       Array<T>(0x0000000000000000)
 - class type annotations:  Array<T>(0x0000000000000000)
 - field annotations:       Array<T>(0x00000140804bd718)
 - field type annotations:  Array<T>(0x0000000000000000)
 - inner classes:     Array<T>(0x00000140804c0c98)
 - nest members:     Array<T>(0x00000140804c0d10)
 - permitted subclasses:     Array<T>(0x0000014080000028)
 - java mirror:       a 'java/lang/Class'{0x00000000a77f00d8} = 'java/lang/invoke/Invokers'
 - vtable length      11  (start addr: 0x000000010001d6f0)
 - itable length      2 (start addr: 0x000000010001d748)
 - ---- static fields (6 words):
 - static final 'INV_EXACT' 'I' @116 
 - static final 'INV_GENERIC' 'I' @120 
 - static final 'INV_BASIC' 'I' @124 
 - static final 'VH_INV_EXACT' 'I' @128 
 - static final 'VH_INV_GENERIC' 'I' @132 
 - static final 'INV_LIMIT' 'I' @136 
 - private static final 'MH_LINKER_ARG_APPENDED' 'I' @140 
 - private static final 'NF_checkExactType' 'B' @144 
 - private static final 'NF_checkGenericType' 'B' @145 
 - private static final 'NF_getCallSiteTarget' 'B' @146 
 - private static final 'NF_checkCustomized' 'B' @147 
 - private static final 'NF_checkVarHandleGenericType' 'B' @148 
 - private static final 'NF_checkVarHandleExactType' 'B' @149 
 - private static final 'NF_directVarHandleTarget' 'B' @150 
 - private static final 'NF_LIMIT' 'B' @151 
 - private static final synchronized 'NFS' '[Ljava/lang/invoke/LambdaForm$NamedFunction;' @112 
 - static final synthetic '$assertionsDisabled' 'Z' @152 
 - ---- non-static fields (2 words):
 - private final 'targetType' 'Ljava/lang/invoke/MethodType;' @12 
 - private final synchronized 'invokers' '[Ljava/lang/invoke/MethodHandle;' @16 
 - non-static oop maps: 12-16 
stack at sp + 5 slots: 0x00000140e8e83a70 is a thread
stack at sp + 6 slots: 0x000001408073eeb9 is pointing into metadata
stack at sp + 7 slots: 0x000001408073eeb9 is pointing into metadata

--------------------------------------------------------------------------------
Decoding CodeBlob, name: nep_invoker_blob, at  [0x00000140f286eb00, 0x00000140f286ec10]  272 bytes
[MachCode]
  0x00000140f286eb00: 5548 8bec | 4883 ec20 | c5f8 7749 | 89af d002 | 0000 49ba | 08eb 86f2 | 4001 0000 | 4d89 97c8 
  0x00000140f286eb20: 0200 0049 | 89a7 c002 | 0000 41c7 | 8774 0300 | 0004 0000 | 0049 8bc8 | 4c8b c74c | 8bd2 498b 
  0x00000140f286eb40: d141 ffd2 | c5f8 7741 | c787 7403 | 0000 0500 | 0000 f083 | 4424 c000 | 493b af78 | 0300 000f 
  0x00000140f286eb60: 874d 0000 | 0041 83bf | 7003 0000 | 000f 853f | 0000 0041 | c787 7403 | 0000 0800 | 0000 4183 
  0x00000140f286eb80: bff0 0300 | 0002 0f84 | 5300 0000 | 49c7 87c0 | 0200 0000 | 0000 0049 | c787 d002 | 0000 0000 
  0x00000140f286eba0: 0000 49c7 | 87c8 0200 | 0000 0000 | 00c5 f877 | c9c3 c5f8 | 7748 8904 | 2449 8bcf | 4c8b e448 
  0x00000140f286ebc0: 83ec 2048 | 83e4 f048 | b860 fce8 | 7efb 7f00 | 00ff d049 | 8be4 4d33 | e448 8b04 | 24eb 94c5 
  0x00000140f286ebe0: f877 4889 | 0424 4c8b | e448 83ec | 2048 83e4 | f048 b840 | 3d1c 7ffb | 7f00 00ff | d049 8be4 
  0x00000140f286ec00: 4d33 e448 | 8b04 24eb | 83f4 f4f4 | f4f4 f4f4 
[/MachCode]
--------------------------------------------------------------------------------


---------------  P R O C E S S  ---------------

Threads class SMR info:
_java_thread_list=0x00000140fe9c78e0, length=11, elements={
0x00000140e8e83a70, 0x00000140fe7ad7e0, 0x00000140fe7ae390, 0x00000140fe8e49c0,
0x00000140fe8e7f30, 0x00000140fe8e87c0, 0x00000140fe8e8eb0, 0x00000140fe8d1a60,
0x00000140fe8e95a0, 0x00000140fea1b550, 0x00000140fea2d010
}

Java Threads: ( => current thread )
=>0x00000140e8e83a70 JavaThread "main" [_thread_in_native, id=12248, stack(0x0000003551500000,0x0000003551600000)]
  0x00000140fe7ad7e0 JavaThread "Reference Handler" daemon [_thread_blocked, id=5972, stack(0x0000003551c00000,0x0000003551d00000)]
  0x00000140fe7ae390 JavaThread "Finalizer" daemon [_thread_blocked, id=12404, stack(0x0000003551d00000,0x0000003551e00000)]
  0x00000140fe8e49c0 JavaThread "Signal Dispatcher" daemon [_thread_blocked, id=10720, stack(0x0000003551e00000,0x0000003551f00000)]
  0x00000140fe8e7f30 JavaThread "Attach Listener" daemon [_thread_blocked, id=13256, stack(0x0000003551f00000,0x0000003552000000)]
  0x00000140fe8e87c0 JavaThread "Service Thread" daemon [_thread_blocked, id=7796, stack(0x0000003552000000,0x0000003552100000)]
  0x00000140fe8e8eb0 JavaThread "Monitor Deflation Thread" daemon [_thread_blocked, id=7972, stack(0x0000003552100000,0x0000003552200000)]
  0x00000140fe8d1a60 JavaThread "C2 CompilerThread0" daemon [_thread_blocked, id=2432, stack(0x0000003552200000,0x0000003552300000)]
  0x00000140fe8e95a0 JavaThread "C1 CompilerThread0" daemon [_thread_blocked, id=10456, stack(0x0000003552300000,0x0000003552400000)]
  0x00000140fea1b550 JavaThread "Notification Thread" daemon [_thread_blocked, id=6104, stack(0x0000003552400000,0x0000003552500000)]
  0x00000140fea2d010 JavaThread "Common-Cleaner" daemon [_thread_blocked, id=8460, stack(0x0000003552600000,0x0000003552700000)]

Other Threads:
  0x00000140fe74b1e0 VMThread "VM Thread" [stack: 0x0000003551b00000,0x0000003551c00000] [id=6680]
  0x00000140fea1baa0 WatcherThread "VM Periodic Task Thread" [stack: 0x0000003552500000,0x0000003552600000] [id=12112]
  0x00000140e8ed4000 WorkerThread "GC Thread#0" [stack: 0x0000003551600000,0x0000003551700000] [id=4272]
  0x00000140e8ee0cc0 ConcurrentGCThread "G1 Main Marker" [stack: 0x0000003551700000,0x0000003551800000] [id=9532]
  0x00000140e8ee2db0 WorkerThread "G1 Conc#0" [stack: 0x0000003551800000,0x0000003551900000] [id=644]
  0x00000140e8f4c9b0 ConcurrentGCThread "G1 Refine#0" [stack: 0x0000003551900000,0x0000003551a00000] [id=7660]
  0x00000140fe5b0080 ConcurrentGCThread "G1 Service" [stack: 0x0000003551a00000,0x0000003551b00000] [id=9732]

Threads with active compile tasks:

VM state: not at safepoint (normal execution)

VM Mutex/Monitor currently owned by a thread: None

Heap address: 0x00000000a1800000, size: 1512 MB, Compressed Oops mode: 32-bit

CDS archive(s) not mapped
Compressed class space mapped at: 0x0000000100000000-0x0000000140000000, reserved size: 1073741824
Narrow klass base: 0x0000000000000000, Narrow klass shift: 3, Narrow klass range: 0x140000000

GC Precious Log:
 CardTable entry size: 512
 Card Set container configuration: InlinePtr #cards 5 size 8 Array Of Cards #cards 12 size 40 Howl #buckets 4 coarsen threshold 1843 Howl Bitmap #cards 512 size 80 coarsen threshold 460 Card regions per heap region 1 cards per card region 2048
 CPUs: 4 total, 4 available
 Memory: 6041M
 Large Page Support: Disabled
 NUMA Support: Disabled
 Compressed Oops: Enabled (32-bit)
 Heap Region Size: 1M
 Heap Min Capacity: 8M
 Heap Initial Capacity: 96M
 Heap Max Capacity: 1512M
 Pre-touch: Disabled
 Parallel Workers: 4
 Concurrent Workers: 1
 Concurrent Refinement Workers: 4
 Periodic GC: Disabled

Heap:
 garbage-first heap   total 98304K, used 4096K [0x00000000a1800000, 0x0000000100000000)
  region size 1024K, 5 young (5120K), 0 survivors (0K)
 Metaspace       used 8110K, committed 8384K, reserved 1114112K
  class space    used 760K, committed 896K, reserved 1048576K

Heap Regions: E=young(eden), S=young(survivor), O=old, HS=humongous(starts), HC=humongous(continues), CS=collection set, F=free, OA=open archive, CA=closed archive, TAMS=top-at-mark-start, PB=parsable bottom
|   0|0x00000000a1800000, 0x00000000a1800000, 0x00000000a1900000|  0%| F|  |TAMS 0x00000000a1800000| PB 0x00000000a1800000| Untracked 
|   1|0x00000000a1900000, 0x00000000a1900000, 0x00000000a1a00000|  0%| F|  |TAMS 0x00000000a1900000| PB 0x00000000a1900000| Untracked 
|   2|0x00000000a1a00000, 0x00000000a1a00000, 0x00000000a1b00000|  0%| F|  |TAMS 0x00000000a1a00000| PB 0x00000000a1a00000| Untracked 
|   3|0x00000000a1b00000, 0x00000000a1b00000, 0x00000000a1c00000|  0%| F|  |TAMS 0x00000000a1b00000| PB 0x00000000a1b00000| Untracked 
|   4|0x00000000a1c00000, 0x00000000a1c00000, 0x00000000a1d00000|  0%| F|  |TAMS 0x00000000a1c00000| PB 0x00000000a1c00000| Untracked 
|   5|0x00000000a1d00000, 0x00000000a1d00000, 0x00000000a1e00000|  0%| F|  |TAMS 0x00000000a1d00000| PB 0x00000000a1d00000| Untracked 
|   6|0x00000000a1e00000, 0x00000000a1e00000, 0x00000000a1f00000|  0%| F|  |TAMS 0x00000000a1e00000| PB 0x00000000a1e00000| Untracked 
|   7|0x00000000a1f00000, 0x00000000a1f00000, 0x00000000a2000000|  0%| F|  |TAMS 0x00000000a1f00000| PB 0x00000000a1f00000| Untracked 
|   8|0x00000000a2000000, 0x00000000a2000000, 0x00000000a2100000|  0%| F|  |TAMS 0x00000000a2000000| PB 0x00000000a2000000| Untracked 
|   9|0x00000000a2100000, 0x00000000a2100000, 0x00000000a2200000|  0%| F|  |TAMS 0x00000000a2100000| PB 0x00000000a2100000| Untracked 
|  10|0x00000000a2200000, 0x00000000a2200000, 0x00000000a2300000|  0%| F|  |TAMS 0x00000000a2200000| PB 0x00000000a2200000| Untracked 
|  11|0x00000000a2300000, 0x00000000a2300000, 0x00000000a2400000|  0%| F|  |TAMS 0x00000000a2300000| PB 0x00000000a2300000| Untracked 
|  12|0x00000000a2400000, 0x00000000a2400000, 0x00000000a2500000|  0%| F|  |TAMS 0x00000000a2400000| PB 0x00000000a2400000| Untracked 
|  13|0x00000000a2500000, 0x00000000a2500000, 0x00000000a2600000|  0%| F|  |TAMS 0x00000000a2500000| PB 0x00000000a2500000| Untracked 
|  14|0x00000000a2600000, 0x00000000a2600000, 0x00000000a2700000|  0%| F|  |TAMS 0x00000000a2600000| PB 0x00000000a2600000| Untracked 
|  15|0x00000000a2700000, 0x00000000a2700000, 0x00000000a2800000|  0%| F|  |TAMS 0x00000000a2700000| PB 0x00000000a2700000| Untracked 
|  16|0x00000000a2800000, 0x00000000a2800000, 0x00000000a2900000|  0%| F|  |TAMS 0x00000000a2800000| PB 0x00000000a2800000| Untracked 
|  17|0x00000000a2900000, 0x00000000a2900000, 0x00000000a2a00000|  0%| F|  |TAMS 0x00000000a2900000| PB 0x00000000a2900000| Untracked 
|  18|0x00000000a2a00000, 0x00000000a2a00000, 0x00000000a2b00000|  0%| F|  |TAMS 0x00000000a2a00000| PB 0x00000000a2a00000| Untracked 
|  19|0x00000000a2b00000, 0x00000000a2b00000, 0x00000000a2c00000|  0%| F|  |TAMS 0x00000000a2b00000| PB 0x00000000a2b00000| Untracked 
|  20|0x00000000a2c00000, 0x00000000a2c00000, 0x00000000a2d00000|  0%| F|  |TAMS 0x00000000a2c00000| PB 0x00000000a2c00000| Untracked 
|  21|0x00000000a2d00000, 0x00000000a2d00000, 0x00000000a2e00000|  0%| F|  |TAMS 0x00000000a2d00000| PB 0x00000000a2d00000| Untracked 
|  22|0x00000000a2e00000, 0x00000000a2e00000, 0x00000000a2f00000|  0%| F|  |TAMS 0x00000000a2e00000| PB 0x00000000a2e00000| Untracked 
|  23|0x00000000a2f00000, 0x00000000a2f00000, 0x00000000a3000000|  0%| F|  |TAMS 0x00000000a2f00000| PB 0x00000000a2f00000| Untracked 
|  24|0x00000000a3000000, 0x00000000a3000000, 0x00000000a3100000|  0%| F|  |TAMS 0x00000000a3000000| PB 0x00000000a3000000| Untracked 
|  25|0x00000000a3100000, 0x00000000a3100000, 0x00000000a3200000|  0%| F|  |TAMS 0x00000000a3100000| PB 0x00000000a3100000| Untracked 
|  26|0x00000000a3200000, 0x00000000a3200000, 0x00000000a3300000|  0%| F|  |TAMS 0x00000000a3200000| PB 0x00000000a3200000| Untracked 
|  27|0x00000000a3300000, 0x00000000a3300000, 0x00000000a3400000|  0%| F|  |TAMS 0x00000000a3300000| PB 0x00000000a3300000| Untracked 
|  28|0x00000000a3400000, 0x00000000a3400000, 0x00000000a3500000|  0%| F|  |TAMS 0x00000000a3400000| PB 0x00000000a3400000| Untracked 
|  29|0x00000000a3500000, 0x00000000a3500000, 0x00000000a3600000|  0%| F|  |TAMS 0x00000000a3500000| PB 0x00000000a3500000| Untracked 
|  30|0x00000000a3600000, 0x00000000a3600000, 0x00000000a3700000|  0%| F|  |TAMS 0x00000000a3600000| PB 0x00000000a3600000| Untracked 
|  31|0x00000000a3700000, 0x00000000a3700000, 0x00000000a3800000|  0%| F|  |TAMS 0x00000000a3700000| PB 0x00000000a3700000| Untracked 
|  32|0x00000000a3800000, 0x00000000a3800000, 0x00000000a3900000|  0%| F|  |TAMS 0x00000000a3800000| PB 0x00000000a3800000| Untracked 
|  33|0x00000000a3900000, 0x00000000a3900000, 0x00000000a3a00000|  0%| F|  |TAMS 0x00000000a3900000| PB 0x00000000a3900000| Untracked 
|  34|0x00000000a3a00000, 0x00000000a3a00000, 0x00000000a3b00000|  0%| F|  |TAMS 0x00000000a3a00000| PB 0x00000000a3a00000| Untracked 
|  35|0x00000000a3b00000, 0x00000000a3b00000, 0x00000000a3c00000|  0%| F|  |TAMS 0x00000000a3b00000| PB 0x00000000a3b00000| Untracked 
|  36|0x00000000a3c00000, 0x00000000a3c00000, 0x00000000a3d00000|  0%| F|  |TAMS 0x00000000a3c00000| PB 0x00000000a3c00000| Untracked 
|  37|0x00000000a3d00000, 0x00000000a3d00000, 0x00000000a3e00000|  0%| F|  |TAMS 0x00000000a3d00000| PB 0x00000000a3d00000| Untracked 
|  38|0x00000000a3e00000, 0x00000000a3e00000, 0x00000000a3f00000|  0%| F|  |TAMS 0x00000000a3e00000| PB 0x00000000a3e00000| Untracked 
|  39|0x00000000a3f00000, 0x00000000a3f00000, 0x00000000a4000000|  0%| F|  |TAMS 0x00000000a3f00000| PB 0x00000000a3f00000| Untracked 
|  40|0x00000000a4000000, 0x00000000a4000000, 0x00000000a4100000|  0%| F|  |TAMS 0x00000000a4000000| PB 0x00000000a4000000| Untracked 
|  41|0x00000000a4100000, 0x00000000a4100000, 0x00000000a4200000|  0%| F|  |TAMS 0x00000000a4100000| PB 0x00000000a4100000| Untracked 
|  42|0x00000000a4200000, 0x00000000a4200000, 0x00000000a4300000|  0%| F|  |TAMS 0x00000000a4200000| PB 0x00000000a4200000| Untracked 
|  43|0x00000000a4300000, 0x00000000a4300000, 0x00000000a4400000|  0%| F|  |TAMS 0x00000000a4300000| PB 0x00000000a4300000| Untracked 
|  44|0x00000000a4400000, 0x00000000a4400000, 0x00000000a4500000|  0%| F|  |TAMS 0x00000000a4400000| PB 0x00000000a4400000| Untracked 
|  45|0x00000000a4500000, 0x00000000a4500000, 0x00000000a4600000|  0%| F|  |TAMS 0x00000000a4500000| PB 0x00000000a4500000| Untracked 
|  46|0x00000000a4600000, 0x00000000a4600000, 0x00000000a4700000|  0%| F|  |TAMS 0x00000000a4600000| PB 0x00000000a4600000| Untracked 
|  47|0x00000000a4700000, 0x00000000a4700000, 0x00000000a4800000|  0%| F|  |TAMS 0x00000000a4700000| PB 0x00000000a4700000| Untracked 
|  48|0x00000000a4800000, 0x00000000a4800000, 0x00000000a4900000|  0%| F|  |TAMS 0x00000000a4800000| PB 0x00000000a4800000| Untracked 
|  49|0x00000000a4900000, 0x00000000a4900000, 0x00000000a4a00000|  0%| F|  |TAMS 0x00000000a4900000| PB 0x00000000a4900000| Untracked 
|  50|0x00000000a4a00000, 0x00000000a4a00000, 0x00000000a4b00000|  0%| F|  |TAMS 0x00000000a4a00000| PB 0x00000000a4a00000| Untracked 
|  51|0x00000000a4b00000, 0x00000000a4b00000, 0x00000000a4c00000|  0%| F|  |TAMS 0x00000000a4b00000| PB 0x00000000a4b00000| Untracked 
|  52|0x00000000a4c00000, 0x00000000a4c00000, 0x00000000a4d00000|  0%| F|  |TAMS 0x00000000a4c00000| PB 0x00000000a4c00000| Untracked 
|  53|0x00000000a4d00000, 0x00000000a4d00000, 0x00000000a4e00000|  0%| F|  |TAMS 0x00000000a4d00000| PB 0x00000000a4d00000| Untracked 
|  54|0x00000000a4e00000, 0x00000000a4e00000, 0x00000000a4f00000|  0%| F|  |TAMS 0x00000000a4e00000| PB 0x00000000a4e00000| Untracked 
|  55|0x00000000a4f00000, 0x00000000a4f00000, 0x00000000a5000000|  0%| F|  |TAMS 0x00000000a4f00000| PB 0x00000000a4f00000| Untracked 
|  56|0x00000000a5000000, 0x00000000a5000000, 0x00000000a5100000|  0%| F|  |TAMS 0x00000000a5000000| PB 0x00000000a5000000| Untracked 
|  57|0x00000000a5100000, 0x00000000a5100000, 0x00000000a5200000|  0%| F|  |TAMS 0x00000000a5100000| PB 0x00000000a5100000| Untracked 
|  58|0x00000000a5200000, 0x00000000a5200000, 0x00000000a5300000|  0%| F|  |TAMS 0x00000000a5200000| PB 0x00000000a5200000| Untracked 
|  59|0x00000000a5300000, 0x00000000a5300000, 0x00000000a5400000|  0%| F|  |TAMS 0x00000000a5300000| PB 0x00000000a5300000| Untracked 
|  60|0x00000000a5400000, 0x00000000a5400000, 0x00000000a5500000|  0%| F|  |TAMS 0x00000000a5400000| PB 0x00000000a5400000| Untracked 
|  61|0x00000000a5500000, 0x00000000a5500000, 0x00000000a5600000|  0%| F|  |TAMS 0x00000000a5500000| PB 0x00000000a5500000| Untracked 
|  62|0x00000000a5600000, 0x00000000a5600000, 0x00000000a5700000|  0%| F|  |TAMS 0x00000000a5600000| PB 0x00000000a5600000| Untracked 
|  63|0x00000000a5700000, 0x00000000a5700000, 0x00000000a5800000|  0%| F|  |TAMS 0x00000000a5700000| PB 0x00000000a5700000| Untracked 
|  64|0x00000000a5800000, 0x00000000a5800000, 0x00000000a5900000|  0%| F|  |TAMS 0x00000000a5800000| PB 0x00000000a5800000| Untracked 
|  65|0x00000000a5900000, 0x00000000a5900000, 0x00000000a5a00000|  0%| F|  |TAMS 0x00000000a5900000| PB 0x00000000a5900000| Untracked 
|  66|0x00000000a5a00000, 0x00000000a5a00000, 0x00000000a5b00000|  0%| F|  |TAMS 0x00000000a5a00000| PB 0x00000000a5a00000| Untracked 
|  67|0x00000000a5b00000, 0x00000000a5b00000, 0x00000000a5c00000|  0%| F|  |TAMS 0x00000000a5b00000| PB 0x00000000a5b00000| Untracked 
|  68|0x00000000a5c00000, 0x00000000a5c00000, 0x00000000a5d00000|  0%| F|  |TAMS 0x00000000a5c00000| PB 0x00000000a5c00000| Untracked 
|  69|0x00000000a5d00000, 0x00000000a5d00000, 0x00000000a5e00000|  0%| F|  |TAMS 0x00000000a5d00000| PB 0x00000000a5d00000| Untracked 
|  70|0x00000000a5e00000, 0x00000000a5e00000, 0x00000000a5f00000|  0%| F|  |TAMS 0x00000000a5e00000| PB 0x00000000a5e00000| Untracked 
|  71|0x00000000a5f00000, 0x00000000a5f00000, 0x00000000a6000000|  0%| F|  |TAMS 0x00000000a5f00000| PB 0x00000000a5f00000| Untracked 
|  72|0x00000000a6000000, 0x00000000a6000000, 0x00000000a6100000|  0%| F|  |TAMS 0x00000000a6000000| PB 0x00000000a6000000| Untracked 
|  73|0x00000000a6100000, 0x00000000a6100000, 0x00000000a6200000|  0%| F|  |TAMS 0x00000000a6100000| PB 0x00000000a6100000| Untracked 
|  74|0x00000000a6200000, 0x00000000a6200000, 0x00000000a6300000|  0%| F|  |TAMS 0x00000000a6200000| PB 0x00000000a6200000| Untracked 
|  75|0x00000000a6300000, 0x00000000a6300000, 0x00000000a6400000|  0%| F|  |TAMS 0x00000000a6300000| PB 0x00000000a6300000| Untracked 
|  76|0x00000000a6400000, 0x00000000a6400000, 0x00000000a6500000|  0%| F|  |TAMS 0x00000000a6400000| PB 0x00000000a6400000| Untracked 
|  77|0x00000000a6500000, 0x00000000a6500000, 0x00000000a6600000|  0%| F|  |TAMS 0x00000000a6500000| PB 0x00000000a6500000| Untracked 
|  78|0x00000000a6600000, 0x00000000a6600000, 0x00000000a6700000|  0%| F|  |TAMS 0x00000000a6600000| PB 0x00000000a6600000| Untracked 
|  79|0x00000000a6700000, 0x00000000a6700000, 0x00000000a6800000|  0%| F|  |TAMS 0x00000000a6700000| PB 0x00000000a6700000| Untracked 
|  80|0x00000000a6800000, 0x00000000a6800000, 0x00000000a6900000|  0%| F|  |TAMS 0x00000000a6800000| PB 0x00000000a6800000| Untracked 
|  81|0x00000000a6900000, 0x00000000a6900000, 0x00000000a6a00000|  0%| F|  |TAMS 0x00000000a6900000| PB 0x00000000a6900000| Untracked 
|  82|0x00000000a6a00000, 0x00000000a6a00000, 0x00000000a6b00000|  0%| F|  |TAMS 0x00000000a6a00000| PB 0x00000000a6a00000| Untracked 
|  83|0x00000000a6b00000, 0x00000000a6b00000, 0x00000000a6c00000|  0%| F|  |TAMS 0x00000000a6b00000| PB 0x00000000a6b00000| Untracked 
|  84|0x00000000a6c00000, 0x00000000a6c00000, 0x00000000a6d00000|  0%| F|  |TAMS 0x00000000a6c00000| PB 0x00000000a6c00000| Untracked 
|  85|0x00000000a6d00000, 0x00000000a6d00000, 0x00000000a6e00000|  0%| F|  |TAMS 0x00000000a6d00000| PB 0x00000000a6d00000| Untracked 
|  86|0x00000000a6e00000, 0x00000000a6e00000, 0x00000000a6f00000|  0%| F|  |TAMS 0x00000000a6e00000| PB 0x00000000a6e00000| Untracked 
|  87|0x00000000a6f00000, 0x00000000a6f00000, 0x00000000a7000000|  0%| F|  |TAMS 0x00000000a6f00000| PB 0x00000000a6f00000| Untracked 
|  88|0x00000000a7000000, 0x00000000a7000000, 0x00000000a7100000|  0%| F|  |TAMS 0x00000000a7000000| PB 0x00000000a7000000| Untracked 
|  89|0x00000000a7100000, 0x00000000a7100000, 0x00000000a7200000|  0%| F|  |TAMS 0x00000000a7100000| PB 0x00000000a7100000| Untracked 
|  90|0x00000000a7200000, 0x00000000a7200000, 0x00000000a7300000|  0%| F|  |TAMS 0x00000000a7200000| PB 0x00000000a7200000| Untracked 
|  91|0x00000000a7300000, 0x00000000a7385e18, 0x00000000a7400000| 52%| E|  |TAMS 0x00000000a7300000| PB 0x00000000a7300000| Complete 
|  92|0x00000000a7400000, 0x00000000a7500000, 0x00000000a7500000|100%| E|CS|TAMS 0x00000000a7400000| PB 0x00000000a7400000| Complete 
|  93|0x00000000a7500000, 0x00000000a7600000, 0x00000000a7600000|100%| E|CS|TAMS 0x00000000a7500000| PB 0x00000000a7500000| Complete 
|  94|0x00000000a7600000, 0x00000000a7700000, 0x00000000a7700000|100%| E|CS|TAMS 0x00000000a7600000| PB 0x00000000a7600000| Complete 
|  95|0x00000000a7700000, 0x00000000a7800000, 0x00000000a7800000|100%| E|CS|TAMS 0x00000000a7700000| PB 0x00000000a7700000| Complete 

Card table byte_map: [0x00000140fa4e0000,0x00000140fa7e0000] _byte_map_base: 0x00000140f9fd4000

Marking Bits: (CMBitMap*) 0x00000140e8ed4540
 Bits: [0x00000140faae0000, 0x00000140fc280000)

Polling page: 0x00000140e6de0000

Metaspace:

Usage:
  Non-class:      7.18 MB used.
      Class:    760.84 KB used.
       Both:      7.92 MB used.

Virtual space:
  Non-class space:       64.00 MB reserved,       7.31 MB ( 11%) committed,  1 nodes.
      Class space:        1.00 GB reserved,     896.00 KB ( <1%) committed,  1 nodes.
             Both:        1.06 GB reserved,       8.19 MB ( <1%) committed. 

Chunk freelists:
   Non-Class:  259.00 KB
       Class:  3.11 MB
        Both:  3.36 MB

MaxMetaspaceSize: unlimited
CompressedClassSpaceSize: 1.00 GB
Initial GC threshold: 21.00 MB
Current GC threshold: 21.00 MB
CDS: off
MetaspaceReclaimPolicy: balanced
 - commit_granule_bytes: 65536.
 - commit_granule_words: 8192.
 - virtual_space_node_default_size: 8388608.
 - enlarge_chunks_in_place: 1.
 - new_chunks_are_fully_committed: 0.
 - uncommit_free_chunks: 1.
 - use_allocation_guard: 0.


Internal statistics:

num_allocs_failed_limit: 0.
num_arena_births: 298.
num_arena_deaths: 0.
num_vsnodes_births: 2.
num_vsnodes_deaths: 0.
num_space_committed: 131.
num_space_uncommitted: 0.
num_chunks_returned_to_freelist: 0.
num_chunks_taken_from_freelist: 417.
num_chunk_merges: 0.
num_chunk_splits: 224.
num_chunks_enlarged: 43.
num_inconsistent_stats: 0.

CodeHeap 'non-profiled nmethods': size=120000Kb used=154Kb max_used=154Kb free=119845Kb
 bounds [0x00000140f2cb0000, 0x00000140f2f20000, 0x00000140fa1e0000]
CodeHeap 'profiled nmethods': size=120000Kb used=635Kb max_used=635Kb free=119364Kb
 bounds [0x00000140eb1e0000, 0x00000140eb450000, 0x00000140f2710000]
CodeHeap 'non-nmethods': size=5760Kb used=1390Kb max_used=1407Kb free=4369Kb
 bounds [0x00000140f2710000, 0x00000140f2980000, 0x00000140f2cb0000]
 total_blobs=894 nmethods=457 adapters=343
 compilation: enabled
              stopped_count=0, restarted_count=0
 full_count=0

Compilation events (20 events):
Event: 0.412 Thread 0x00000140fe8d1a60  435       4       java.lang.invoke.MemberName::getReferenceKind (12 bytes)
Event: 0.412 Thread 0x00000140fe8e95a0 nmethod 434 0x00000140eb27b910 code [0x00000140eb27baa0, 0x00000140eb27bc48]
Event: 0.412 Thread 0x00000140fe8e95a0  436       3       java.lang.invoke.MethodHandles$Lookup::checkSymbolicClass (25 bytes)
Event: 0.413 Thread 0x00000140fe8d1a60 nmethod 435 0x00000140f2cd2f10 code [0x00000140f2cd3080, 0x00000140f2cd3110]
Event: 0.413 Thread 0x00000140fe8e95a0 nmethod 436 0x00000140eb27bd90 code [0x00000140eb27bf40, 0x00000140eb27c1c0]
Event: 0.413 Thread 0x00000140fe8e95a0  439       3       jdk.internal.org.objectweb.asm.AnnotationWriter::<init> (60 bytes)
Event: 0.413 Thread 0x00000140fe8d1a60  440       4       jdk.internal.org.objectweb.asm.SymbolTable::addConstantUtf8 (98 bytes)
Event: 0.413 Thread 0x00000140fe8e95a0 nmethod 439 0x00000140eb27c310 code [0x00000140eb27c4c0, 0x00000140eb27c8c0]
Event: 0.413 Thread 0x00000140fe8e95a0  441       3       java.lang.invoke.InvokerBytecodeGenerator::isStaticallyNameable (148 bytes)
Event: 0.414 Thread 0x00000140fe8e95a0 nmethod 441 0x00000140eb27ca10 code [0x00000140eb27cca0, 0x00000140eb27d7d8]
Event: 0.419 Thread 0x00000140fe8e95a0  447       3       java.lang.ref.Reference::<init> (7 bytes)
Event: 0.420 Thread 0x00000140fe8e95a0 nmethod 447 0x00000140eb27db10 code [0x00000140eb27dcc0, 0x00000140eb27df70]
Event: 0.420 Thread 0x00000140fe8e95a0  448       1       java.lang.invoke.MethodType::rtype (5 bytes)
Event: 0.420 Thread 0x00000140fe8e95a0 nmethod 448 0x00000140f2cd4410 code [0x00000140f2cd4580, 0x00000140f2cd4648]
Event: 0.423 Thread 0x00000140fe8e95a0  455       3       sun.invoke.util.Wrapper::isSubwordOrInt (20 bytes)
Event: 0.423 Thread 0x00000140fe8e95a0 nmethod 455 0x00000140eb27e090 code [0x00000140eb27e240, 0x00000140eb27e658]
Event: 0.423 Thread 0x00000140fe8e95a0  456       3       sun.invoke.util.Wrapper::isIntegral (23 bytes)
Event: 0.424 Thread 0x00000140fe8e95a0 nmethod 456 0x00000140eb27e790 code [0x00000140eb27e920, 0x00000140eb27eb88]
Event: 0.424 Thread 0x00000140fe8e95a0  457       3       sun.invoke.util.Wrapper::isNumeric (16 bytes)
Event: 0.424 Thread 0x00000140fe8e95a0 nmethod 457 0x00000140eb27ec10 code [0x00000140eb27eda0, 0x00000140eb27ef10]

GC Heap History (0 events):
No events

Dll operation events (5 events):
Event: 0.009 Loaded shared library C:\Portables\jextract-20\bin\java.dll
Event: 0.129 Loaded shared library C:\Portables\jextract-20\bin\net.dll
Event: 0.132 Loaded shared library C:\Portables\jextract-20\bin\nio.dll
Event: 0.143 Loaded shared library C:\Portables\jextract-20\bin\zip.dll
Event: 0.159 Loaded shared library C:\Users\Mshimizu\Projetos\modbuspp_java_wrapper\modbuspp_custom\modbuspp_interface.dll

Deoptimization events (4 events):
Event: 0.377 Thread 0x00000140e8e83a70 DEOPT PACKING pc=0x00000140eb1f68d7 sp=0x00000035515fe760
Event: 0.377 Thread 0x00000140e8e83a70 DEOPT UNPACKING pc=0x00000140f277a4c2 sp=0x00000035515fdb80 mode 0
Event: 0.394 Thread 0x00000140e8e83a70 DEOPT PACKING pc=0x00000140eb1e95c1 sp=0x00000035515fea90
Event: 0.394 Thread 0x00000140e8e83a70 DEOPT UNPACKING pc=0x00000140f277a4c2 sp=0x00000035515fdf08 mode 0

Classes loaded (20 events):
Event: 0.403 Loading class jdk/internal/foreign/HeapMemorySegmentImpl$OfByte
Event: 0.403 Loading class jdk/internal/foreign/HeapMemorySegmentImpl
Event: 0.403 Loading class jdk/internal/foreign/HeapMemorySegmentImpl done
Event: 0.403 Loading class jdk/internal/foreign/HeapMemorySegmentImpl$OfByte done
Event: 0.405 Loading class java/lang/invoke/VarHandleSegmentAsBytes
Event: 0.405 Loading class java/lang/invoke/VarHandleSegmentViewBase
Event: 0.405 Loading class java/lang/invoke/VarHandleSegmentViewBase done
Event: 0.405 Loading class java/lang/invoke/VarHandleSegmentAsBytes done
Event: 0.406 Loading class jdk/internal/foreign/Utils$1VarHandleCache
Event: 0.406 Loading class jdk/internal/foreign/Utils$1VarHandleCache done
Event: 0.406 Loading class java/lang/invoke/VarHandle$AccessDescriptor
Event: 0.406 Loading class java/lang/invoke/VarHandle$AccessDescriptor done
Event: 0.407 Loading class jdk/internal/foreign/abi/Binding$Context$4
Event: 0.407 Loading class jdk/internal/foreign/abi/Binding$Context$4 done
Event: 0.408 Loading class java/lang/invoke/ConstantBootstraps
Event: 0.408 Loading class java/lang/invoke/ConstantBootstraps done
Event: 0.417 Loading class jdk/internal/foreign/layout/MemoryLayoutUtil
Event: 0.417 Loading class jdk/internal/foreign/layout/MemoryLayoutUtil done
Event: 0.420 Loading class jdk/internal/foreign/layout/SequenceLayoutImpl
Event: 0.421 Loading class jdk/internal/foreign/layout/SequenceLayoutImpl done

Classes unloaded (0 events):
No events

Classes redefined (0 events):
No events

Internal exceptions (20 events):
Event: 0.366 Thread 0x00000140e8e83a70 Exception <a 'java/lang/NoSuchMethodError'{0x00000000a7451c48}: 'java.lang.Object java.lang.invoke.DirectMethodHandle$Holder.invokeSpecial(java.lang.Object, java.lang.Object, java.lang.Object, java.lang.Object, java.lang.Object, int)'> (0x00000000a7451c48) 
thrown [s\open\src\hotspot\share\interpreter\linkResolver.cpp, line 773]
Event: 0.366 Thread 0x00000140e8e83a70 Exception <a 'java/lang/NoSuchMethodError'{0x00000000a74554d8}: 'java.lang.Object java.lang.invoke.DelegatingMethodHandle$Holder.reinvoke_L(java.lang.Object, java.lang.Object, java.lang.Object, java.lang.Object, int)'> (0x00000000a74554d8) 
thrown [s\open\src\hotspot\share\interpreter\linkResolver.cpp, line 773]
Event: 0.367 Thread 0x00000140e8e83a70 Exception <a 'java/lang/NoSuchMethodError'{0x00000000a7458e40}: 'void java.lang.invoke.DirectMethodHandle$Holder.invokeSpecial(java.lang.Object, java.lang.Object, java.lang.Object)'> (0x00000000a7458e40) 
thrown [s\open\src\hotspot\share\interpreter\linkResolver.cpp, line 773]
Event: 0.373 Thread 0x00000140e8e83a70 Exception <a 'java/lang/NoSuchMethodError'{0x00000000a74796c8}: 'int java.lang.invoke.DirectMethodHandle$Holder.invokeStaticInit(java.lang.Object, java.lang.Object, java.lang.Object, java.lang.Object)'> (0x00000000a74796c8) 
thrown [s\open\src\hotspot\share\interpreter\linkResolver.cpp, line 773]
Event: 0.375 Thread 0x00000140e8e83a70 Exception <a 'java/lang/NoSuchMethodError'{0x00000000a74803a0}: 'int java.lang.invoke.DelegatingMethodHandle$Holder.reinvoke_L(java.lang.Object, java.lang.Object, java.lang.Object, java.lang.Object)'> (0x00000000a74803a0) 
thrown [s\open\src\hotspot\share\interpreter\linkResolver.cpp, line 773]
Event: 0.381 Thread 0x00000140e8e83a70 Exception <a 'java/lang/NoSuchMethodError'{0x00000000a74a0b70}: 'void java.lang.invoke.DirectMethodHandle$Holder.invokeStaticInit(java.lang.Object, java.lang.Object, java.lang.Object, java.lang.Object, int)'> (0x00000000a74a0b70) 
thrown [s\open\src\hotspot\share\interpreter\linkResolver.cpp, line 773]
Event: 0.383 Thread 0x00000140e8e83a70 Exception <a 'java/lang/NoSuchMethodError'{0x00000000a74a7a20}: 'void java.lang.invoke.DelegatingMethodHandle$Holder.reinvoke_L(java.lang.Object, java.lang.Object, java.lang.Object, java.lang.Object, int)'> (0x00000000a74a7a20) 
thrown [s\open\src\hotspot\share\interpreter\linkResolver.cpp, line 773]
Event: 0.390 Thread 0x00000140e8e83a70 Exception <a 'java/lang/NoSuchMethodError'{0x00000000a74cc260}: 'int java.lang.invoke.DirectMethodHandle$Holder.invokeStaticInit(java.lang.Object, java.lang.Object, java.lang.Object, java.lang.Object, int, int, java.lang.Object)'> (0x00000000a74cc260) 
thrown [s\open\src\hotspot\share\interpreter\linkResolver.cpp, line 773]
Event: 0.391 Thread 0x00000140e8e83a70 Exception <a 'java/lang/NoSuchMethodError'{0x00000000a74d3410}: 'int java.lang.invoke.DelegatingMethodHandle$Holder.reinvoke_L(java.lang.Object, java.lang.Object, java.lang.Object, java.lang.Object, int, int, java.lang.Object)'> (0x00000000a74d3410) 
thrown [s\open\src\hotspot\share\interpreter\linkResolver.cpp, line 773]
Event: 0.398 Thread 0x00000140e8e83a70 Exception <a 'java/lang/NoSuchMethodError'{0x00000000a74f5990}: 'int java.lang.invoke.DirectMethodHandle$Holder.invokeStaticInit(java.lang.Object, java.lang.Object, java.lang.Object, java.lang.Object, int, int)'> (0x00000000a74f5990) 
thrown [s\open\src\hotspot\share\interpreter\linkResolver.cpp, line 773]
Event: 0.399 Thread 0x00000140e8e83a70 Exception <a 'java/lang/NoSuchMethodError'{0x00000000a74fc828}: 'int java.lang.invoke.DelegatingMethodHandle$Holder.reinvoke_L(java.lang.Object, java.lang.Object, java.lang.Object, java.lang.Object, int, int)'> (0x00000000a74fc828) 
thrown [s\open\src\hotspot\share\interpreter\linkResolver.cpp, line 773]
Event: 0.406 Thread 0x00000140e8e83a70 Exception <a 'java/lang/NoSuchMethodError'{0x00000000a73136a8}: 'java.lang.Object java.lang.invoke.Invokers$Holder.invoke_MT(java.lang.Object, java.lang.Object, int, java.lang.Object)'> (0x00000000a73136a8) 
thrown [s\open\src\hotspot\share\interpreter\linkResolver.cpp, line 773]
Event: 0.408 Thread 0x00000140e8e83a70 Exception <a 'java/lang/NoSuchMethodError'{0x00000000a7317818}: 'java.lang.Object java.lang.invoke.Invokers$Holder.invoke_MT(java.lang.Object, java.lang.Object, java.lang.Object, java.lang.Object, java.lang.Object)'> (0x00000000a7317818) 
thrown [s\open\src\hotspot\share\interpreter\linkResolver.cpp, line 773]
Event: 0.411 Thread 0x00000140e8e83a70 Exception <a 'java/lang/NoSuchMethodError'{0x00000000a73220f8}: 'void java.lang.invoke.DirectMethodHandle$Holder.invokeSpecial(java.lang.Object, java.lang.Object, java.lang.Object, int)'> (0x00000000a73220f8) 
thrown [s\open\src\hotspot\share\interpreter\linkResolver.cpp, line 773]
Event: 0.411 Thread 0x00000140e8e83a70 Exception <a 'java/lang/NoSuchMethodError'{0x00000000a73253b0}: 'void java.lang.invoke.Invokers$Holder.invoke_MT(java.lang.Object, java.lang.Object, int, java.lang.Object)'> (0x00000000a73253b0) 
thrown [s\open\src\hotspot\share\interpreter\linkResolver.cpp, line 773]
Event: 0.413 Thread 0x00000140e8e83a70 Exception <a 'java/lang/NoSuchMethodError'{0x00000000a732f768}: 'int java.lang.invoke.Invokers$Holder.invoke_MT(java.lang.Object, java.lang.Object, java.lang.Object)'> (0x00000000a732f768) 
thrown [s\open\src\hotspot\share\interpreter\linkResolver.cpp, line 773]
Event: 0.417 Thread 0x00000140e8e83a70 Exception <a 'java/lang/NoSuchMethodError'{0x00000000a7339bc0}: 'java.lang.Object java.lang.invoke.DirectMethodHandle$Holder.invokeStatic(java.lang.Object, long, java.lang.Object)'> (0x00000000a7339bc0) 
thrown [s\open\src\hotspot\share\interpreter\linkResolver.cpp, line 773]
Event: 0.419 Thread 0x00000140e8e83a70 Exception <a 'java/lang/NoSuchMethodError'{0x00000000a7340000}: 'java.lang.Object java.lang.invoke.DirectMethodHandle$Holder.newInvokeSpecial(java.lang.Object, long, java.lang.Object)'> (0x00000000a7340000) 
thrown [s\open\src\hotspot\share\interpreter\linkResolver.cpp, line 773]
Event: 0.421 Thread 0x00000140e8e83a70 Exception <a 'java/lang/NoSuchMethodError'{0x00000000a734a7a0}: 'int java.lang.invoke.DirectMethodHandle$Holder.invokeSpecial(java.lang.Object, java.lang.Object, java.lang.Object, int, int)'> (0x00000000a734a7a0) 
thrown [s\open\src\hotspot\share\interpreter\linkResolver.cpp, line 773]
Event: 0.422 Thread 0x00000140e8e83a70 Exception <a 'java/lang/NoSuchMethodError'{0x00000000a734daa0}: 'int java.lang.invoke.Invokers$Holder.invoke_MT(java.lang.Object, java.lang.Object, int, int, java.lang.Object)'> (0x00000000a734daa0) 
thrown [s\open\src\hotspot\share\interpreter\linkResolver.cpp, line 773]

VM Operations (2 events):
Event: 0.145 Executing VM operation: HandshakeAllThreads
Event: 0.145 Executing VM operation: HandshakeAllThreads done

Events (11 events):
Event: 0.039 Thread 0x00000140e8e83a70 Thread added: 0x00000140e8e83a70
Event: 0.080 Thread 0x00000140fe7ad7e0 Thread added: 0x00000140fe7ad7e0
Event: 0.080 Thread 0x00000140fe7ae390 Thread added: 0x00000140fe7ae390
Event: 0.082 Thread 0x00000140fe8e49c0 Thread added: 0x00000140fe8e49c0
Event: 0.082 Thread 0x00000140fe8e7f30 Thread added: 0x00000140fe8e7f30
Event: 0.082 Thread 0x00000140fe8e87c0 Thread added: 0x00000140fe8e87c0
Event: 0.082 Thread 0x00000140fe8e8eb0 Thread added: 0x00000140fe8e8eb0
Event: 0.082 Thread 0x00000140fe8d1a60 Thread added: 0x00000140fe8d1a60
Event: 0.082 Thread 0x00000140fe8e95a0 Thread added: 0x00000140fe8e95a0
Event: 0.113 Thread 0x00000140fea1b550 Thread added: 0x00000140fea1b550
Event: 0.119 Thread 0x00000140fea2d010 Thread added: 0x00000140fea2d010


Dynamic libraries:
0x00007ff73b5f0000 - 0x00007ff73b600000 	C:\Portables\jextract-20\bin\java.exe
0x00007ffbd2930000 - 0x00007ffbd2b28000 	C:\Windows\SYSTEM32\ntdll.dll
0x00007ffbd1ea0000 - 0x00007ffbd1f62000 	C:\Windows\System32\KERNEL32.DLL
0x00007ffbd0210000 - 0x00007ffbd050e000 	C:\Windows\System32\KERNELBASE.dll
0x00007ffbd0850000 - 0x00007ffbd0950000 	C:\Windows\System32\ucrtbase.dll
0x00007ffbca2a0000 - 0x00007ffbca2b9000 	C:\Portables\jextract-20\bin\jli.dll
0x00007ffbc3660000 - 0x00007ffbc367b000 	C:\Portables\jextract-20\bin\VCRUNTIME140.dll
0x00007ffbd2760000 - 0x00007ffbd2812000 	C:\Windows\System32\ADVAPI32.dll
0x00007ffbd1ce0000 - 0x00007ffbd1d7e000 	C:\Windows\System32\msvcrt.dll
0x00007ffbd1f70000 - 0x00007ffbd2010000 	C:\Windows\System32\sechost.dll
0x00007ffbd2630000 - 0x00007ffbd2753000 	C:\Windows\System32\RPCRT4.dll
0x00007ffbd0020000 - 0x00007ffbd0047000 	C:\Windows\System32\bcrypt.dll
0x00007ffbd0980000 - 0x00007ffbd0b1d000 	C:\Windows\System32\USER32.dll
0x00007ffbd01e0000 - 0x00007ffbd0202000 	C:\Windows\System32\win32u.dll
0x00007ffbc0300000 - 0x00007ffbc059a000 	C:\Windows\WinSxS\amd64_microsoft.windows.common-controls_6595b64144ccf1df_6.0.19041.4355_none_60b8b9eb71f62e16\COMCTL32.dll
0x00007ffbd2340000 - 0x00007ffbd236b000 	C:\Windows\System32\GDI32.dll
0x00007ffbd0050000 - 0x00007ffbd0167000 	C:\Windows\System32\gdi32full.dll
0x00007ffbd0510000 - 0x00007ffbd05ad000 	C:\Windows\System32\msvcp_win.dll
0x00007ffbc19a0000 - 0x00007ffbc19aa000 	C:\Windows\SYSTEM32\VERSION.dll
0x00007ffbd0950000 - 0x00007ffbd097f000 	C:\Windows\System32\IMM32.DLL
0x00007ffbca190000 - 0x00007ffbca19c000 	C:\Portables\jextract-20\bin\vcruntime140_1.dll
0x00007ffbab470000 - 0x00007ffbab4fe000 	C:\Portables\jextract-20\bin\msvcp140.dll
0x00007ffb7eaa0000 - 0x00007ffb7f737000 	C:\Portables\jextract-20\bin\server\jvm.dll
0x00007ffbc9110000 - 0x00007ffbc9119000 	C:\Windows\SYSTEM32\WSOCK32.dll
0x00007ffbc2710000 - 0x00007ffbc2737000 	C:\Windows\SYSTEM32\WINMM.dll
0x00007ffbd2520000 - 0x00007ffbd258b000 	C:\Windows\System32\WS2_32.dll
0x00007ffbcde10000 - 0x00007ffbcde22000 	C:\Windows\SYSTEM32\kernel.appcore.dll
0x00007ffbc8a60000 - 0x00007ffbc8a6a000 	C:\Portables\jextract-20\bin\jimage.dll
0x00007ffbb9450000 - 0x00007ffbb9634000 	C:\Windows\SYSTEM32\DBGHELP.DLL
0x00007ffbb9410000 - 0x00007ffbb9444000 	C:\Windows\SYSTEM32\dbgcore.DLL
0x00007ffbd07c0000 - 0x00007ffbd0842000 	C:\Windows\System32\bcryptPrimitives.dll
0x00007ffbc3630000 - 0x00007ffbc3656000 	C:\Portables\jextract-20\bin\java.dll
0x00007ffbd1410000 - 0x00007ffbd1b7f000 	C:\Windows\System32\SHELL32.dll
0x00007ffbce010000 - 0x00007ffbce7b4000 	C:\Windows\SYSTEM32\windows.storage.dll
0x00007ffbd0be0000 - 0x00007ffbd0f33000 	C:\Windows\System32\combase.dll
0x00007ffbcf920000 - 0x00007ffbcf94e000 	C:\Windows\SYSTEM32\Wldp.dll
0x00007ffbd2820000 - 0x00007ffbd28ed000 	C:\Windows\System32\OLEAUT32.dll
0x00007ffbd2020000 - 0x00007ffbd20cd000 	C:\Windows\System32\SHCORE.dll
0x00007ffbd1d80000 - 0x00007ffbd1dd5000 	C:\Windows\System32\shlwapi.dll
0x00007ffbcff00000 - 0x00007ffbcff24000 	C:\Windows\SYSTEM32\profapi.dll
0x00007ffbb7eb0000 - 0x00007ffbb7ec3000 	C:\Portables\jextract-20\bin\net.dll
0x00007ffbc7500000 - 0x00007ffbc760d000 	C:\Windows\SYSTEM32\WINHTTP.dll
0x00007ffbcf700000 - 0x00007ffbcf76a000 	C:\Windows\system32\mswsock.dll
0x00007ffbb7640000 - 0x00007ffbb7656000 	C:\Portables\jextract-20\bin\nio.dll
0x00007ffbae680000 - 0x00007ffbae698000 	C:\Portables\jextract-20\bin\zip.dll
0x00007ffbad840000 - 0x00007ffbad869000 	C:\Users\Mshimizu\Projetos\modbuspp_java_wrapper\modbuspp_custom\modbuspp_interface.dll

dbghelp: loaded successfully - version: 4.0.5 - missing functions: none
symbol engine: initialized successfully - sym options: 0x614 - pdb path: .;C:\Portables\jextract-20\bin;C:\Windows\SYSTEM32;C:\Windows\WinSxS\amd64_microsoft.windows.common-controls_6595b64144ccf1df_6.0.19041.4355_none_60b8b9eb71f62e16;C:\Portables\jextract-20\bin\server;C:\Users\Mshimizu\Projetos\modbuspp_java_wrapper\modbuspp_custom

VM Arguments:
jvm_args: --enable-preview --enable-native-access=ALL-UNNAMED 
java_command: .\target\modbuspp_java_wrapper-1.0-SNAPSHOT.jar
java_class_path (initial): .\target\modbuspp_java_wrapper-1.0-SNAPSHOT.jar
Launcher Type: SUN_STANDARD

[Global flags]
     intx CICompilerCount                          = 3                                         {product} {ergonomic}
     uint ConcGCThreads                            = 1                                         {product} {ergonomic}
     uint G1ConcRefinementThreads                  = 4                                         {product} {ergonomic}
   size_t G1HeapRegionSize                         = 1048576                                   {product} {ergonomic}
    uintx GCDrainStackTargetSize                   = 64                                        {product} {ergonomic}
   size_t InitialHeapSize                          = 100663296                                 {product} {ergonomic}
   size_t MarkStackSize                            = 4194304                                   {product} {ergonomic}
   size_t MaxHeapSize                              = 1585446912                                {product} {ergonomic}
   size_t MaxNewSize                               = 951058432                                 {product} {ergonomic}
   size_t MinHeapDeltaBytes                        = 1048576                                   {product} {ergonomic}
   size_t MinHeapSize                              = 8388608                                   {product} {ergonomic}
    uintx NonNMethodCodeHeapSize                   = 5832780                                {pd product} {ergonomic}
    uintx NonProfiledCodeHeapSize                  = 122912730                              {pd product} {ergonomic}
    uintx ProfiledCodeHeapSize                     = 122912730                              {pd product} {ergonomic}
    uintx ReservedCodeCacheSize                    = 251658240                              {pd product} {ergonomic}
     bool SegmentedCodeCache                       = true                                      {product} {ergonomic}
   size_t SoftMaxHeapSize                          = 1585446912                             {manageable} {ergonomic}
     bool UseCompressedClassPointers               = true                           {product lp64_product} {ergonomic}
     bool UseCompressedOops                        = true                           {product lp64_product} {ergonomic}
     bool UseG1GC                                  = true                                      {product} {ergonomic}
     bool UseLargePagesIndividualAllocation        = false                                  {pd product} {ergonomic}

Logging:
Log output configuration:
 #0: stdout all=warning uptime,level,tags foldmultilines=false
 #1: stderr all=off uptime,level,tags foldmultilines=false

Environment Variables:
JAVA_HOME=C:\Portables\jdk-20.0.2
PATH=C:\Program Files\WindowsApps\Microsoft.PowerShell_7.4.6.0_x64__8wekyb3d8bbwe;C:\Python312\Scripts\;C:\Python312\;C:\Windows\system32;C:\Windows;C:\Windows\System32\Wbem;C:\Windows\System32\WindowsPowerShell\v1.0\;C:\Windows\System32\OpenSSH\;C:\Program Files\Microsoft SQL Server\150\Tools\Binn\;C:\Program Files\Microsoft SQL Server\Client SDK\ODBC\170\Tools\Binn\;C:\Program Files\dotnet\;C:\Program Files (x86)\Windows Kits\10\Windows Performance Toolkit\;C:\Program Files\Git\cmd;C:\Portables\apache-maven-3.9.9\bin;C:\Program Files\nodejs\;C:\ProgramData\chocolatey\bin;C:\Program Files\Java\jdk-17\bin;C:\Portables\jextract-20\bin;C:\Portables\swigwin-4.3.0;C:\Portables\jdk-20.0.2\bin;C:\Program Files\Docker\Docker\resources\bin;C:\Users\Mshimizu\Projetos\java_fmi_test\CppClass;C:\Users\Mshimizu\Projetos\java_fmi_test\modbus_cpp_client;C:\Users\Mshimizu\.jbang\bin;C:\Users\Mshimizu\AppData\Local\Microsoft\WindowsApps;C:\Users\Mshimizu\AppData\Local\Programs\Microsoft VS Code\bin;C:\Users\Mshimizu\.dotnet\tools;C:\Program Files\JetBrains\IntelliJ IDEA Community Edition 2024.2.1\bin;C:\Portables\apache-maven-3.9.9\bin;C:\Users\Mshimizu\AppData\Roaming\npm;C:\msys64\ucrt64\bin;C:\Users\Mshimizu\AppData\Roaming\Python\Python312\Scripts;
USERNAME=Mshimizu
LANG=en_US.UTF-8
OS=Windows_NT
PROCESSOR_IDENTIFIER=Intel64 Family 6 Model 42 Stepping 7, GenuineIntel
TMP=C:\Users\Mshimizu\AppData\Local\Temp
TEMP=C:\Users\Mshimizu\AppData\Local\Temp




---------------  S Y S T E M  ---------------

OS:
 Windows 10 , 64 bit Build 19041 (10.0.19041.4957)
OS uptime: 0 days 23:41 hours
Hyper-V role detected

CPU: total 4 (initial active 4) (2 cores per cpu, 2 threads per core) family 6 model 42 stepping 7 microcode 0x2f, cx8, cmov, fxsr, ht, mmx, sse, sse2, sse3, ssse3, sse4.1, sse4.2, popcnt, tsc, tscinvbit, avx, aes, clmul, vzeroupper, clflush, hv, rdtscp

Memory: 4k page, system-wide physical 6041M (1075M free)
TotalPageFile size 11929M (AvailPageFile size 3713M)
current process WorkingSet (physical memory assigned to process): 37M, peak: 37M
current process commit charge ("private bytes"): 166M, peak: 166M

vm_info: Java HotSpot(TM) 64-Bit Server VM (20+36-2344) for windows-amd64 JRE (20+36-2344), built on 2023-02-10T19:30:15Z by "mach5one" with MS VC++ 17.1 (VS2022)

END.
